{
  "RSpec": {
    "coverage": {
      "/Users/student/Projects/Makersbnb/spec/features/adding_spaces_spec.rb": [
        1,
        1,
        null,
        1,
        1,
        1,
        1,
        1,
        1,
        null,
        null,
        1,
        1,
        1,
        1,
        1,
        null,
        null,
        1,
        0,
        0,
        0,
        0,
        0,
        0,
        0,
        null,
        null
      ],
      "/Users/student/Projects/Makersbnb/spec/features/sign_up_spec.rb": [
        1,
        1,
        1,
        1,
        null,
        null,
        null,
        1,
        1,
        1,
        1,
        1,
        1,
        1,
        1,
        null,
        null,
        1,
        1,
        1,
        1,
        1,
        1,
        1,
        1,
        1,
        1,
        1,
        null,
        null
      ],
      "/Users/student/Projects/Makersbnb/spec/features/view_spaces_spec.rb": [
        1,
        1,
        0,
        0,
        0,
        null,
        null
      ]
    },
    "timestamp": 1562236941
  }
}
